<?xml version="1.0" encoding="UTF-8"?>
<testsuite xmlns:xsi="http://www.w3.org/2001/XMLSchema-instance" xsi:noNamespaceSchemaLocation="https://maven.apache.org/surefire/maven-surefire-plugin/xsd/surefire-test-report-3.0.xsd" version="3.0" name="com.sit.campusbackend.complaint.controller.AdminControllerTest" time="3.733" tests="7" errors="0" skipped="0" failures="0">
  <properties>
[...]
</properties>
  <testcase name="getAllComplaints_defaultPagination_returns200" classname="com.sit.campusbackend.complaint.controller.AdminControllerTest" time="0.258">
    <system-out><![CDATA[11:35:18.815 [main] INFO org.springframework.test.context.support.AnnotationConfigContextLoaderUtils -- Could not detect default configuration classes for test class [com.sit.campusbackend.complaint.controller.AdminControllerTest]: AdminControllerTest does not declare any static, non-private, non-final, nested classes annotated with @Configuration.
11:35:18.949 [main] INFO org.springframework.boot.test.context.SpringBootTestContextBootstrapper -- Found @SpringBootConfiguration com.sit.campusbackend.CampusbackendApplication for test class com.sit.campusbackend.complaint.controller.AdminControllerTest
11:35:19.055 [main] INFO org.springframework.boot.devtools.restart.RestartApplicationListener -- Restart disabled due to context in which it is running

  .   ____          _            __ _ _
 /\\ / ___'_ __ _ _(_)_ __  __ _ \ \ \ \
( ( )\___ | '_ | '_| | '_ \/ _` | \ \ \ \
 \\/  ___)| |_)| | | | | || (_| |  ) ) ) )
  '  |____| .__|_| |_|_| |_\__, | / / / /
 =========|_|==============|___/=/_/_/_/

 :: Spring Boot ::                (v3.3.6)

2026-04-29T11:35:19.366+05:30  INFO 2276 --- [           main] c.s.c.c.controller.AdminControllerTest   : Starting AdminControllerTest using Java 21.0.10 with PID 2276 (started by sachi in C:\Users\sachi\OneDrive\Desktop\java_backend\campusbackend)
2026-04-29T11:35:19.367+05:30  INFO 2276 --- [           main] c.s.c.c.controller.AdminControllerTest   : No active profile set, falling back to 1 default profile: "default"
2026-04-29T11:35:21.666+05:30  WARN 2276 --- [           main] .s.s.UserDetailsServiceAutoConfiguration : 

Using generated security password: a523d303-b0ac-4146-a232-0c15b50511d2

This generated password is for development use only. Your security configuration must be updated before running your application in production.

2026-04-29T11:35:21.695+05:30  INFO 2276 --- [           main] r$InitializeUserDetailsManagerConfigurer : Global AuthenticationManager configured with UserDetailsService bean with name inMemoryUserDetailsManager
2026-04-29T11:35:21.872+05:30  INFO 2276 --- [           main] o.s.b.t.m.w.SpringBootMockServletContext : Initializing Spring TestDispatcherServlet ''
2026-04-29T11:35:21.873+05:30  INFO 2276 --- [           main] o.s.t.web.servlet.TestDispatcherServlet  : Initializing Servlet ''
2026-04-29T11:35:21.874+05:30  INFO 2276 --- [           main] o.s.t.web.servlet.TestDispatcherServlet  : Completed initialization in 1 ms
2026-04-29T11:35:21.904+05:30  INFO 2276 --- [           main] c.s.c.c.controller.AdminControllerTest   : Started AdminControllerTest in 2.866 seconds (process running for 3.934)
2026-04-29T11:35:22.065+05:30  WARN 2276 --- [           main] ration$PageModule$WarningLoggingModifier : Serializing PageImpl instances as-is is not supported, meaning that there is no guarantee about the stability of the resulting JSON structure!
	For a stable JSON structure, please use Spring Data's PagedModel (globally via @EnableSpringDataWebSupport(pageSerializationMode = VIA_DTO))
	or Spring HATEOAS and Spring Data's PagedResourcesAssembler as documented in https://docs.spring.io/spring-data/commons/reference/repositories/core-extensions.html#core.web.pageables.

]]></system-out>
    <system-err><![CDATA[WARNING: A Java agent has been loaded dynamically (C:\Users\sachi\.m2\repository\net\bytebuddy\byte-buddy-agent\1.14.19\byte-buddy-agent-1.14.19.jar)
WARNING: If a serviceability tool is in use, please run with -XX:+EnableDynamicAgentLoading to hide this warning
WARNING: If a serviceability tool is not in use, please run with -Djdk.instrument.traceUsage for more information
WARNING: Dynamic loading of agents will be disallowed by default in a future release
]]></system-err>
  </testcase>
  <testcase name="updateStatus_notFound_returns404" classname="com.sit.campusbackend.complaint.controller.AdminControllerTest" time="0.124"/>
  <testcase name="getStats_returns200WithCounts" classname="com.sit.campusbackend.complaint.controller.AdminControllerTest" time="0.007"/>
  <testcase name="getAllComplaints_empty_returnsEmptyPage" classname="com.sit.campusbackend.complaint.controller.AdminControllerTest" time="0.008"/>
  <testcase name="updateStatus_validRequest_returns200" classname="com.sit.campusbackend.complaint.controller.AdminControllerTest" time="0.007"/>
  <testcase name="updateStatus_missingComplaintId_returns400" classname="com.sit.campusbackend.complaint.controller.AdminControllerTest" time="0.01"/>
  <testcase name="getAllComplaints_customPagination_returnsCorrectPage" classname="com.sit.campusbackend.complaint.controller.AdminControllerTest" time="0.006"/>
</testsuite>